Classic Timing Analyzer report for Prescaler
Wed Jul 20 15:04:53 2016
Quartus II Version 9.1 Build 304 01/25/2010 Service Pack 1 SJ Web Edition


---------------------
; Table of Contents ;
---------------------
  1. Legal Notice
  2. Timing Analyzer Summary
  3. Timing Analyzer Settings
  4. Clock Settings Summary
  5. Parallel Compilation
  6. Clock Setup: 'clock'
  7. tsu
  8. tco
  9. th
 10. Timing Analyzer Messages



----------------
; Legal Notice ;
----------------
Copyright (C) 1991-2010 Altera Corporation
Your use of Altera Corporation's design tools, logic functions 
and other software and tools, and its AMPP partner logic 
functions, and any output files from any of the foregoing 
(including device programming or simulation files), and any 
associated documentation or information are expressly subject 
to the terms and conditions of the Altera Program License 
Subscription Agreement, Altera MegaCore Function License 
Agreement, or other applicable license agreement, including, 
without limitation, that your use is for the sole purpose of 
programming logic devices manufactured by Altera and sold by 
Altera or its authorized distributors.  Please refer to the 
applicable agreement for further details.



+---------------------------------------------------------------------------------------------------------------------------------------------------------------------+
; Timing Analyzer Summary                                                                                                                                             ;
+------------------------------+-------+---------------+------------------------------------------------+-------------+--------+------------+----------+--------------+
; Type                         ; Slack ; Required Time ; Actual Time                                    ; From        ; To     ; From Clock ; To Clock ; Failed Paths ;
+------------------------------+-------+---------------+------------------------------------------------+-------------+--------+------------+----------+--------------+
; Worst-case tsu               ; N/A   ; None          ; 8.325 ns                                       ; pre[0]      ; acc[1] ; --         ; clock    ; 0            ;
; Worst-case tco               ; N/A   ; None          ; 9.572 ns                                       ; result~reg0 ; result ; clock      ; --       ; 0            ;
; Worst-case th                ; N/A   ; None          ; -3.852 ns                                      ; pre[2]      ; acc[2] ; --         ; clock    ; 0            ;
; Clock Setup: 'clock'         ; N/A   ; None          ; Restricted to 275.03 MHz ( period = 3.636 ns ) ; acc[1]      ; acc[1] ; clock      ; clock    ; 0            ;
; Total number of failed paths ;       ;               ;                                                ;             ;        ;            ;          ; 0            ;
+------------------------------+-------+---------------+------------------------------------------------+-------------+--------+------------+----------+--------------+


+-----------------------------------------------------------------------------------------------------------------------------------------------------+
; Timing Analyzer Settings                                                                                                                            ;
+------------------------------------------------------------------------------------------------------+--------------------+------+----+-------------+
; Option                                                                                               ; Setting            ; From ; To ; Entity Name ;
+------------------------------------------------------------------------------------------------------+--------------------+------+----+-------------+
; Device Name                                                                                          ; EP1C12F324C8       ;      ;    ;             ;
; Timing Models                                                                                        ; Final              ;      ;    ;             ;
; Default hold multicycle                                                                              ; Same as Multicycle ;      ;    ;             ;
; Cut paths between unrelated clock domains                                                            ; On                 ;      ;    ;             ;
; Cut off read during write signal paths                                                               ; On                 ;      ;    ;             ;
; Cut off feedback from I/O pins                                                                       ; On                 ;      ;    ;             ;
; Report Combined Fast/Slow Timing                                                                     ; Off                ;      ;    ;             ;
; Ignore Clock Settings                                                                                ; Off                ;      ;    ;             ;
; Analyze latches as synchronous elements                                                              ; On                 ;      ;    ;             ;
; Enable Recovery/Removal analysis                                                                     ; Off                ;      ;    ;             ;
; Enable Clock Latency                                                                                 ; Off                ;      ;    ;             ;
; Use TimeQuest Timing Analyzer                                                                        ; Off                ;      ;    ;             ;
; Minimum Core Junction Temperature                                                                    ; 0                  ;      ;    ;             ;
; Maximum Core Junction Temperature                                                                    ; 85                 ;      ;    ;             ;
; Number of source nodes to report per destination node                                                ; 10                 ;      ;    ;             ;
; Number of destination nodes to report                                                                ; 10                 ;      ;    ;             ;
; Number of paths to report                                                                            ; 200                ;      ;    ;             ;
; Report Minimum Timing Checks                                                                         ; Off                ;      ;    ;             ;
; Use Fast Timing Models                                                                               ; Off                ;      ;    ;             ;
; Report IO Paths Separately                                                                           ; Off                ;      ;    ;             ;
; Perform Multicorner Analysis                                                                         ; Off                ;      ;    ;             ;
; Reports the worst-case path for each clock domain and analysis                                       ; Off                ;      ;    ;             ;
; Reports worst-case timing paths for each clock domain and analysis                                   ; On                 ;      ;    ;             ;
; Specifies the maximum number of worst-case timing paths to report for each clock domain and analysis ; 100                ;      ;    ;             ;
; Removes common clock path pessimism (CCPP) during slack computation                                  ; Off                ;      ;    ;             ;
; Output I/O Timing Endpoint                                                                           ; Near End           ;      ;    ;             ;
+------------------------------------------------------------------------------------------------------+--------------------+------+----+-------------+


+------------------------------------------------------------------------------------------------------------------------------------------------------------------------------------+
; Clock Settings Summary                                                                                                                                                             ;
+-----------------+--------------------+----------+------------------+---------------+--------------+----------+-----------------------+---------------------+--------+--------------+
; Clock Node Name ; Clock Setting Name ; Type     ; Fmax Requirement ; Early Latency ; Late Latency ; Based on ; Multiply Base Fmax by ; Divide Base Fmax by ; Offset ; Phase offset ;
+-----------------+--------------------+----------+------------------+---------------+--------------+----------+-----------------------+---------------------+--------+--------------+
; clock           ;                    ; User Pin ; None             ; 0.000 ns      ; 0.000 ns     ; --       ; N/A                   ; N/A                 ; N/A    ;              ;
+-----------------+--------------------+----------+------------------+---------------+--------------+----------+-----------------------+---------------------+--------+--------------+


Parallel compilation was disabled, but you have multiple processors available. Enable parallel compilation to reduce compilation time.
+-------------------------------------+
; Parallel Compilation                ;
+----------------------------+--------+
; Processors                 ; Number ;
+----------------------------+--------+
; Number detected on machine ; 4      ;
; Maximum allowed            ; 1      ;
+----------------------------+--------+


+-------------------------------------------------------------------------------------------------------------------------------------------------------------------------------------------+
; Clock Setup: 'clock'                                                                                                                                                                      ;
+-------+------------------------------------------------+--------+-------------+------------+----------+-----------------------------+---------------------------+-------------------------+
; Slack ; Actual fmax (period)                           ; From   ; To          ; From Clock ; To Clock ; Required Setup Relationship ; Required Longest P2P Time ; Actual Longest P2P Time ;
+-------+------------------------------------------------+--------+-------------+------------+----------+-----------------------------+---------------------------+-------------------------+
; N/A   ; Restricted to 275.03 MHz ( period = 3.636 ns ) ; acc[1] ; acc[1]      ; clock      ; clock    ; None                        ; None                      ; 2.468 ns                ;
; N/A   ; Restricted to 275.03 MHz ( period = 3.636 ns ) ; acc[0] ; acc[1]      ; clock      ; clock    ; None                        ; None                      ; 2.165 ns                ;
; N/A   ; Restricted to 275.03 MHz ( period = 3.636 ns ) ; acc[1] ; result~reg0 ; clock      ; clock    ; None                        ; None                      ; 1.919 ns                ;
; N/A   ; Restricted to 275.03 MHz ( period = 3.636 ns ) ; acc[1] ; acc[2]      ; clock      ; clock    ; None                        ; None                      ; 1.916 ns                ;
; N/A   ; Restricted to 275.03 MHz ( period = 3.636 ns ) ; acc[1] ; acc[0]      ; clock      ; clock    ; None                        ; None                      ; 1.915 ns                ;
; N/A   ; Restricted to 275.03 MHz ( period = 3.636 ns ) ; acc[2] ; acc[1]      ; clock      ; clock    ; None                        ; None                      ; 1.876 ns                ;
; N/A   ; Restricted to 275.03 MHz ( period = 3.636 ns ) ; acc[0] ; result~reg0 ; clock      ; clock    ; None                        ; None                      ; 1.616 ns                ;
; N/A   ; Restricted to 275.03 MHz ( period = 3.636 ns ) ; acc[2] ; acc[0]      ; clock      ; clock    ; None                        ; None                      ; 1.615 ns                ;
; N/A   ; Restricted to 275.03 MHz ( period = 3.636 ns ) ; acc[0] ; acc[2]      ; clock      ; clock    ; None                        ; None                      ; 1.613 ns                ;
; N/A   ; Restricted to 275.03 MHz ( period = 3.636 ns ) ; acc[2] ; acc[2]      ; clock      ; clock    ; None                        ; None                      ; 1.613 ns                ;
; N/A   ; Restricted to 275.03 MHz ( period = 3.636 ns ) ; acc[0] ; acc[0]      ; clock      ; clock    ; None                        ; None                      ; 1.612 ns                ;
; N/A   ; Restricted to 275.03 MHz ( period = 3.636 ns ) ; acc[2] ; result~reg0 ; clock      ; clock    ; None                        ; None                      ; 1.336 ns                ;
+-------+------------------------------------------------+--------+-------------+------------+----------+-----------------------------+---------------------------+-------------------------+


+---------------------------------------------------------------------+
; tsu                                                                 ;
+-------+--------------+------------+--------+-------------+----------+
; Slack ; Required tsu ; Actual tsu ; From   ; To          ; To Clock ;
+-------+--------------+------------+--------+-------------+----------+
; N/A   ; None         ; 8.325 ns   ; pre[0] ; acc[1]      ; clock    ;
; N/A   ; None         ; 7.776 ns   ; pre[0] ; result~reg0 ; clock    ;
; N/A   ; None         ; 7.773 ns   ; pre[0] ; acc[2]      ; clock    ;
; N/A   ; None         ; 7.772 ns   ; pre[0] ; acc[0]      ; clock    ;
; N/A   ; None         ; 5.132 ns   ; pre[1] ; acc[1]      ; clock    ;
; N/A   ; None         ; 4.583 ns   ; pre[1] ; result~reg0 ; clock    ;
; N/A   ; None         ; 4.580 ns   ; pre[1] ; acc[2]      ; clock    ;
; N/A   ; None         ; 4.579 ns   ; pre[1] ; acc[0]      ; clock    ;
; N/A   ; None         ; 4.476 ns   ; pre[2] ; acc[1]      ; clock    ;
; N/A   ; None         ; 4.039 ns   ; pre[2] ; acc[0]      ; clock    ;
; N/A   ; None         ; 3.906 ns   ; pre[2] ; result~reg0 ; clock    ;
; N/A   ; None         ; 3.904 ns   ; pre[2] ; acc[2]      ; clock    ;
+-------+--------------+------------+--------+-------------+----------+


+-----------------------------------------------------------------------+
; tco                                                                   ;
+-------+--------------+------------+-------------+--------+------------+
; Slack ; Required tco ; Actual tco ; From        ; To     ; From Clock ;
+-------+--------------+------------+-------------+--------+------------+
; N/A   ; None         ; 9.572 ns   ; result~reg0 ; result ; clock      ;
+-------+--------------+------------+-------------+--------+------------+


+---------------------------------------------------------------------------+
; th                                                                        ;
+---------------+-------------+-----------+--------+-------------+----------+
; Minimum Slack ; Required th ; Actual th ; From   ; To          ; To Clock ;
+---------------+-------------+-----------+--------+-------------+----------+
; N/A           ; None        ; -3.852 ns ; pre[2] ; acc[2]      ; clock    ;
; N/A           ; None        ; -3.854 ns ; pre[2] ; result~reg0 ; clock    ;
; N/A           ; None        ; -3.987 ns ; pre[2] ; acc[0]      ; clock    ;
; N/A           ; None        ; -4.424 ns ; pre[2] ; acc[1]      ; clock    ;
; N/A           ; None        ; -4.527 ns ; pre[1] ; acc[0]      ; clock    ;
; N/A           ; None        ; -4.528 ns ; pre[1] ; acc[2]      ; clock    ;
; N/A           ; None        ; -4.531 ns ; pre[1] ; result~reg0 ; clock    ;
; N/A           ; None        ; -5.080 ns ; pre[1] ; acc[1]      ; clock    ;
; N/A           ; None        ; -7.720 ns ; pre[0] ; acc[0]      ; clock    ;
; N/A           ; None        ; -7.721 ns ; pre[0] ; acc[2]      ; clock    ;
; N/A           ; None        ; -7.724 ns ; pre[0] ; result~reg0 ; clock    ;
; N/A           ; None        ; -8.273 ns ; pre[0] ; acc[1]      ; clock    ;
+---------------+-------------+-----------+--------+-------------+----------+


+--------------------------+
; Timing Analyzer Messages ;
+--------------------------+
Info: *******************************************************************
Info: Running Quartus II Classic Timing Analyzer
    Info: Version 9.1 Build 304 01/25/2010 Service Pack 1 SJ Web Edition
    Info: Processing started: Wed Jul 20 15:04:53 2016
Info: Command: quartus_tan --read_settings_files=off --write_settings_files=off Prescaler -c Prescaler --timing_analysis_only
Warning: Found pins functioning as undefined clocks and/or memory enables
    Info: Assuming node "clock" is an undefined clock
Info: Clock "clock" Internal fmax is restricted to 275.03 MHz between source register "acc[1]" and destination register "acc[1]"
    Info: fmax restricted to Clock High delay (1.818 ns) plus Clock Low delay (1.818 ns) : restricted to 3.636 ns. Expand message to see actual delay path.
        Info: + Longest register to register delay is 2.468 ns
            Info: 1: + IC(0.000 ns) + CELL(0.000 ns) = 0.000 ns; Loc. = LC_X26_Y26_N0; Fanout = 3; REG Node = 'acc[1]'
            Info: 2: + IC(0.529 ns) + CELL(0.442 ns) = 0.971 ns; Loc. = LC_X26_Y26_N2; Fanout = 4; COMB Node = 'Equal0~0'
            Info: 3: + IC(0.470 ns) + CELL(0.292 ns) = 1.733 ns; Loc. = LC_X26_Y26_N6; Fanout = 1; COMB Node = 'Equal0~1'
            Info: 4: + IC(0.426 ns) + CELL(0.309 ns) = 2.468 ns; Loc. = LC_X26_Y26_N0; Fanout = 3; REG Node = 'acc[1]'
            Info: Total cell delay = 1.043 ns ( 42.26 % )
            Info: Total interconnect delay = 1.425 ns ( 57.74 % )
        Info: - Smallest clock skew is 0.000 ns
            Info: + Shortest clock path from clock "clock" to destination register is 3.246 ns
                Info: 1: + IC(0.000 ns) + CELL(1.469 ns) = 1.469 ns; Loc. = PIN_J4; Fanout = 4; CLK Node = 'clock'
                Info: 2: + IC(1.066 ns) + CELL(0.711 ns) = 3.246 ns; Loc. = LC_X26_Y26_N0; Fanout = 3; REG Node = 'acc[1]'
                Info: Total cell delay = 2.180 ns ( 67.16 % )
                Info: Total interconnect delay = 1.066 ns ( 32.84 % )
            Info: - Longest clock path from clock "clock" to source register is 3.246 ns
                Info: 1: + IC(0.000 ns) + CELL(1.469 ns) = 1.469 ns; Loc. = PIN_J4; Fanout = 4; CLK Node = 'clock'
                Info: 2: + IC(1.066 ns) + CELL(0.711 ns) = 3.246 ns; Loc. = LC_X26_Y26_N0; Fanout = 3; REG Node = 'acc[1]'
                Info: Total cell delay = 2.180 ns ( 67.16 % )
                Info: Total interconnect delay = 1.066 ns ( 32.84 % )
        Info: + Micro clock to output delay of source is 0.224 ns
        Info: + Micro setup delay of destination is 0.037 ns
Info: tsu for register "acc[1]" (data pin = "pre[0]", clock pin = "clock") is 8.325 ns
    Info: + Longest pin to register delay is 11.534 ns
        Info: 1: + IC(0.000 ns) + CELL(1.475 ns) = 1.475 ns; Loc. = PIN_R10; Fanout = 1; PIN Node = 'pre[0]'
        Info: 2: + IC(7.972 ns) + CELL(0.590 ns) = 10.037 ns; Loc. = LC_X26_Y26_N2; Fanout = 4; COMB Node = 'Equal0~0'
        Info: 3: + IC(0.470 ns) + CELL(0.292 ns) = 10.799 ns; Loc. = LC_X26_Y26_N6; Fanout = 1; COMB Node = 'Equal0~1'
        Info: 4: + IC(0.426 ns) + CELL(0.309 ns) = 11.534 ns; Loc. = LC_X26_Y26_N0; Fanout = 3; REG Node = 'acc[1]'
        Info: Total cell delay = 2.666 ns ( 23.11 % )
        Info: Total interconnect delay = 8.868 ns ( 76.89 % )
    Info: + Micro setup delay of destination is 0.037 ns
    Info: - Shortest clock path from clock "clock" to destination register is 3.246 ns
        Info: 1: + IC(0.000 ns) + CELL(1.469 ns) = 1.469 ns; Loc. = PIN_J4; Fanout = 4; CLK Node = 'clock'
        Info: 2: + IC(1.066 ns) + CELL(0.711 ns) = 3.246 ns; Loc. = LC_X26_Y26_N0; Fanout = 3; REG Node = 'acc[1]'
        Info: Total cell delay = 2.180 ns ( 67.16 % )
        Info: Total interconnect delay = 1.066 ns ( 32.84 % )
Info: tco from clock "clock" to destination pin "result" through register "result~reg0" is 9.572 ns
    Info: + Longest clock path from clock "clock" to source register is 3.246 ns
        Info: 1: + IC(0.000 ns) + CELL(1.469 ns) = 1.469 ns; Loc. = PIN_J4; Fanout = 4; CLK Node = 'clock'
        Info: 2: + IC(1.066 ns) + CELL(0.711 ns) = 3.246 ns; Loc. = LC_X26_Y26_N6; Fanout = 1; REG Node = 'result~reg0'
        Info: Total cell delay = 2.180 ns ( 67.16 % )
        Info: Total interconnect delay = 1.066 ns ( 32.84 % )
    Info: + Micro clock to output delay of source is 0.224 ns
    Info: + Longest register to pin delay is 6.102 ns
        Info: 1: + IC(0.000 ns) + CELL(0.000 ns) = 0.000 ns; Loc. = LC_X26_Y26_N6; Fanout = 1; REG Node = 'result~reg0'
        Info: 2: + IC(3.978 ns) + CELL(2.124 ns) = 6.102 ns; Loc. = PIN_D15; Fanout = 0; PIN Node = 'result'
        Info: Total cell delay = 2.124 ns ( 34.81 % )
        Info: Total interconnect delay = 3.978 ns ( 65.19 % )
Info: th for register "acc[2]" (data pin = "pre[2]", clock pin = "clock") is -3.852 ns
    Info: + Longest clock path from clock "clock" to destination register is 3.246 ns
        Info: 1: + IC(0.000 ns) + CELL(1.469 ns) = 1.469 ns; Loc. = PIN_J4; Fanout = 4; CLK Node = 'clock'
        Info: 2: + IC(1.066 ns) + CELL(0.711 ns) = 3.246 ns; Loc. = LC_X26_Y26_N9; Fanout = 1; REG Node = 'acc[2]'
        Info: Total cell delay = 2.180 ns ( 67.16 % )
        Info: Total interconnect delay = 1.066 ns ( 32.84 % )
    Info: + Micro hold delay of destination is 0.015 ns
    Info: - Shortest pin to register delay is 7.113 ns
        Info: 1: + IC(0.000 ns) + CELL(1.475 ns) = 1.475 ns; Loc. = PIN_B10; Fanout = 4; PIN Node = 'pre[2]'
        Info: 2: + IC(5.031 ns) + CELL(0.607 ns) = 7.113 ns; Loc. = LC_X26_Y26_N9; Fanout = 1; REG Node = 'acc[2]'
        Info: Total cell delay = 2.082 ns ( 29.27 % )
        Info: Total interconnect delay = 5.031 ns ( 70.73 % )
Info: Quartus II Classic Timing Analyzer was successful. 0 errors, 1 warning
    Info: Peak virtual memory: 163 megabytes
    Info: Processing ended: Wed Jul 20 15:04:53 2016
    Info: Elapsed time: 00:00:00
    Info: Total CPU time (on all processors): 00:00:00


